# JRE version: Java(TM) SE Runtime Environment (8.0_192-b12) (build 1.8.0_192-b12)
# Java VM: Java HotSpot(TM) 64-Bit Server VM (25.192-b12 mixed mode windows-amd64 compressed oops)
Heap:
 PSYoungGen      total 242176K, used 191299K [0x00000000d6200000, 0x00000000e6300000, 0x0000000100000000)
  eden space 228352K, 81% used [0x00000000d6200000,0x00000000e17fe0c0,0x00000000e4100000)
  from space 13824K, 35% used [0x00000000e5580000,0x00000000e5a52df0,0x00000000e6300000)
  to   space 17408K, 0% used [0x00000000e4100000,0x00000000e4100000,0x00000000e5200000)
 ParOldGen       total 68608K, used 35647K [0x0000000082600000, 0x0000000086900000, 0x00000000d6200000)
  object space 68608K, 51% used [0x0000000082600000,0x00000000848cff00,0x0000000086900000)
 Metaspace       used 34791K, capacity 35366K, committed 35416K, reserved 1079296K
  class space    used 6227K, capacity 6395K, committed 6400K, reserved 1048576K
GC Heap History (10 events):
Event: 6.383 GC heap before
{Heap before GC invocations=13 (full 1):
 PSYoungGen      total 134144K, used 119712K [0x00000000d6200000, 0x00000000e1b00000, 0x0000000100000000)
  eden space 115200K, 100% used [0x00000000d6200000,0x00000000dd280000,0x00000000dd280000)
  from space 18944K, 23% used [0x00000000dd280000,0x00000000dd6e8000,0x00000000de500000)
  to   space 18944K, 0% used [0x00000000e0880000,0x00000000e0880000,0x00000000e1b00000)
 ParOldGen       total 68608K, used 32421K [0x0000000082600000, 0x0000000086900000, 0x00000000d6200000)
  object space 68608K, 47% used [0x0000000082600000,0x00000000845a95a8,0x0000000086900000)
 Metaspace       used 27730K, capacity 27952K, committed 28160K, reserved 1073152K
  class space    used 4764K, capacity 4790K, committed 4864K, reserved 1048576K
Event: 6.387 GC heap after
Heap after GC invocations=13 (full 1):
 PSYoungGen      total 166400K, used 3616K [0x00000000d6200000, 0x00000000e1900000, 0x0000000100000000)
  eden space 149504K, 0% used [0x00000000d6200000,0x00000000d6200000,0x00000000df400000)
  from space 16896K, 21% used [0x00000000e0880000,0x00000000e0c08000,0x00000000e1900000)
  to   space 18944K, 0% used [0x00000000df400000,0x00000000df400000,0x00000000e0680000)
 ParOldGen       total 68608K, used 33317K [0x0000000082600000, 0x0000000086900000, 0x00000000d6200000)
  object space 68608K, 48% used [0x0000000082600000,0x00000000846895a8,0x0000000086900000)
 Metaspace       used 27730K, capacity 27952K, committed 28160K, reserved 1073152K
  class space    used 4764K, capacity 4790K, committed 4864K, reserved 1048576K
}
Event: 6.621 GC heap before
{Heap before GC invocations=14 (full 1):
 PSYoungGen      total 166400K, used 153120K [0x00000000d6200000, 0x00000000e1900000, 0x0000000100000000)
  eden space 149504K, 100% used [0x00000000d6200000,0x00000000df400000,0x00000000df400000)
  from space 16896K, 21% used [0x00000000e0880000,0x00000000e0c08000,0x00000000e1900000)
  to   space 18944K, 0% used [0x00000000df400000,0x00000000df400000,0x00000000e0680000)
 ParOldGen       total 68608K, used 33317K [0x0000000082600000, 0x0000000086900000, 0x00000000d6200000)
  object space 68608K, 48% used [0x0000000082600000,0x00000000846895a8,0x0000000086900000)
 Metaspace       used 28187K, capacity 28432K, committed 28544K, reserved 1073152K
  class space    used 4886K, capacity 4950K, committed 4992K, reserved 1048576K
Event: 6.624 GC heap after
Heap after GC invocations=14 (full 1):
 PSYoungGen      total 168448K, used 2336K [0x00000000d6200000, 0x00000000e4180000, 0x0000000100000000)
  eden space 149504K, 0% used [0x00000000d6200000,0x00000000d6200000,0x00000000df400000)
  from space 18944K, 12% used [0x00000000df400000,0x00000000df648000,0x00000000e0680000)
  to   space 18944K, 0% used [0x00000000e2f00000,0x00000000e2f00000,0x00000000e4180000)
 ParOldGen       total 68608K, used 35623K [0x0000000082600000, 0x0000000086900000, 0x00000000d6200000)
  object space 68608K, 51% used [0x0000000082600000,0x00000000848c9f00,0x0000000086900000)
 Metaspace       used 28187K, capacity 28432K, committed 28544K, reserved 1073152K
  class space    used 4886K, capacity 4950K, committed 4992K, reserved 1048576K
}
Event: 6.835 GC heap before
{Heap before GC invocations=15 (full 1):
 PSYoungGen      total 168448K, used 151840K [0x00000000d6200000, 0x00000000e4180000, 0x0000000100000000)
  eden space 149504K, 100% used [0x00000000d6200000,0x00000000df400000,0x00000000df400000)
  from space 18944K, 12% used [0x00000000df400000,0x00000000df648000,0x00000000e0680000)
  to   space 18944K, 0% used [0x00000000e2f00000,0x00000000e2f00000,0x00000000e4180000)
 ParOldGen       total 68608K, used 35623K [0x0000000082600000, 0x0000000086900000, 0x00000000d6200000)
  object space 68608K, 51% used [0x0000000082600000,0x00000000848c9f00,0x0000000086900000)
 Metaspace       used 28575K, capacity 28848K, committed 28928K, reserved 1073152K
  class space    used 4990K, capacity 5046K, committed 5120K, reserved 1048576K
Event: 6.838 GC heap after
Heap after GC invocations=15 (full 1):
 PSYoungGen      total 202752K, used 2560K [0x00000000d6200000, 0x00000000e3e00000, 0x0000000100000000)
  eden space 187392K, 0% used [0x00000000d6200000,0x00000000d6200000,0x00000000e1900000)
  from space 15360K, 16% used [0x00000000e2f00000,0x00000000e3180000,0x00000000e3e00000)
  to   space 18944K, 0% used [0x00000000e1900000,0x00000000e1900000,0x00000000e2b80000)
 ParOldGen       total 68608K, used 35631K [0x0000000082600000, 0x0000000086900000, 0x00000000d6200000)
  object space 68608K, 51% used [0x0000000082600000,0x00000000848cbf00,0x0000000086900000)
 Metaspace       used 28575K, capacity 28848K, committed 28928K, reserved 1073152K
  class space    used 4990K, capacity 5046K, committed 5120K, reserved 1048576K
}
Event: 7.168 GC heap before
{Heap before GC invocations=16 (full 1):
 PSYoungGen      total 202752K, used 189952K [0x00000000d6200000, 0x00000000e3e00000, 0x0000000100000000)
  eden space 187392K, 100% used [0x00000000d6200000,0x00000000e1900000,0x00000000e1900000)
  from space 15360K, 16% used [0x00000000e2f00000,0x00000000e3180000,0x00000000e3e00000)
  to   space 18944K, 0% used [0x00000000e1900000,0x00000000e1900000,0x00000000e2b80000)
 ParOldGen       total 68608K, used 35631K [0x0000000082600000, 0x0000000086900000, 0x00000000d6200000)
  object space 68608K, 51% used [0x0000000082600000,0x00000000848cbf00,0x0000000086900000)
 Metaspace       used 28942K, capacity 29200K, committed 29312K, reserved 1073152K
  class space    used 5071K, capacity 5142K, committed 5248K, reserved 1048576K
Event: 7.172 GC heap after
Heap after GC invocations=16 (full 1):
 PSYoungGen      total 206336K, used 3200K [0x00000000d6200000, 0x00000000e6780000, 0x0000000100000000)
  eden space 187392K, 0% used [0x00000000d6200000,0x00000000d6200000,0x00000000e1900000)
  from space 18944K, 16% used [0x00000000e1900000,0x00000000e1c20000,0x00000000e2b80000)
  to   space 18432K, 0% used [0x00000000e5580000,0x00000000e5580000,0x00000000e6780000)
 ParOldGen       total 68608K, used 35639K [0x0000000082600000, 0x0000000086900000, 0x00000000d6200000)
  object space 68608K, 51% used [0x0000000082600000,0x00000000848cdf00,0x0000000086900000)
 Metaspace       used 28942K, capacity 29200K, committed 29312K, reserved 1073152K
  class space    used 5071K, capacity 5142K, committed 5248K, reserved 1048576K
}
Event: 7.515 GC heap before
{Heap before GC invocations=17 (full 1):
 PSYoungGen      total 206336K, used 190592K [0x00000000d6200000, 0x00000000e6780000, 0x0000000100000000)
  eden space 187392K, 100% used [0x00000000d6200000,0x00000000e1900000,0x00000000e1900000)
  from space 18944K, 16% used [0x00000000e1900000,0x00000000e1c20000,0x00000000e2b80000)
  to   space 18432K, 0% used [0x00000000e5580000,0x00000000e5580000,0x00000000e6780000)
 ParOldGen       total 68608K, used 35639K [0x0000000082600000, 0x0000000086900000, 0x00000000d6200000)
  object space 68608K, 51% used [0x0000000082600000,0x00000000848cdf00,0x0000000086900000)
 Metaspace       used 29760K, capacity 29956K, committed 30208K, reserved 1075200K
  class space    used 5223K, capacity 5282K, committed 5376K, reserved 1048576K
Event: 7.520 GC heap after
Heap after GC invocations=17 (full 1):
 PSYoungGen      total 242176K, used 4939K [0x00000000d6200000, 0x00000000e6300000, 0x0000000100000000)
  eden space 228352K, 0% used [0x00000000d6200000,0x00000000d6200000,0x00000000e4100000)
  from space 13824K, 35% used [0x00000000e5580000,0x00000000e5a52df0,0x00000000e6300000)
  to   space 17408K, 0% used [0x00000000e4100000,0x00000000e4100000,0x00000000e5200000)
 ParOldGen       total 68608K, used 35647K [0x0000000082600000, 0x0000000086900000, 0x00000000d6200000)
  object space 68608K, 51% used [0x0000000082600000,0x00000000848cff00,0x0000000086900000)
 Metaspace       used 29760K, capacity 29956K, committed 30208K, reserved 1075200K
  class space    used 5223K, capacity 5282K, committed 5376K, reserved 1048576K
}

